                                      1 ;--------------------------------------------------------
                                      2 ; File Created by SDCC : free open source ISO C Compiler 
                                      3 ; Version 4.4.1 #14865 (MINGW64)
                                      4 ;--------------------------------------------------------
                                      5 	.module main
                                      6 	.optsdcc -mstm8
                                      7 	
                                      8 ;--------------------------------------------------------
                                      9 ; Public variables in this module
                                     10 ;--------------------------------------------------------
                                     11 	.globl _main
                                     12 	.globl _TIM2_init
                                     13 	.globl _display
                                     14 	.globl _TIM2_ClearFlag
                                     15 	.globl _TIM2_ITConfig
                                     16 	.globl _TIM2_Cmd
                                     17 	.globl _TIM2_TimeBaseInit
                                     18 	.globl _GPIO_WriteLow
                                     19 	.globl _GPIO_WriteHigh
                                     20 	.globl _GPIO_Init
                                     21 	.globl _CLK_HSIPrescalerConfig
                                     22 	.globl _CLK_PeripheralClockConfig
                                     23 	.globl _vlastni_cas
                                     24 	.globl _init
                                     25 ;--------------------------------------------------------
                                     26 ; ram data
                                     27 ;--------------------------------------------------------
                                     28 	.area DATA
                                     29 ;--------------------------------------------------------
                                     30 ; ram data
                                     31 ;--------------------------------------------------------
                                     32 	.area INITIALIZED
      000000                         33 _vlastni_cas::
      000000                         34 	.ds 4
                                     35 ;--------------------------------------------------------
                                     36 ; Stack segment in internal ram
                                     37 ;--------------------------------------------------------
                                     38 	.area SSEG
      000000                         39 __start__stack:
      000000                         40 	.ds	1
                                     41 
                                     42 ;--------------------------------------------------------
                                     43 ; absolute external ram data
                                     44 ;--------------------------------------------------------
                                     45 	.area DABS (ABS)
                                     46 
                                     47 ; default segment ordering for linker
                                     48 	.area HOME
                                     49 	.area GSINIT
                                     50 	.area GSFINAL
                                     51 	.area CONST
                                     52 	.area INITIALIZER
                                     53 	.area CODE
                                     54 
                                     55 ;--------------------------------------------------------
                                     56 ; interrupt vector
                                     57 ;--------------------------------------------------------
                                     58 	.area HOME
      000000                         59 __interrupt_vect:
      000000 82v00u00u00             60 	int s_GSINIT ; reset
      000004 82v00u00u00             61 	int _TRAP_IRQHandler ; trap
      000008 82v00u00u00             62 	int _TLI_IRQHandler ; int0
      00000C 82v00u00u00             63 	int _AWU_IRQHandler ; int1
      000010 82v00u00u00             64 	int _CLK_IRQHandler ; int2
      000014 82v00u00u00             65 	int _EXTI_PORTA_IRQHandler ; int3
      000018 82v00u00u00             66 	int _EXTI_PORTB_IRQHandler ; int4
      00001C 82v00u00u00             67 	int _EXTI_PORTC_IRQHandler ; int5
      000020 82v00u00u00             68 	int _EXTI_PORTD_IRQHandler ; int6
      000024 82v00u00u00             69 	int _EXTI_PORTE_IRQHandler ; int7
      000028 82v00u00u00             70 	int _CAN_RX_IRQHandler ; int8
      00002C 82v00u00u00             71 	int _CAN_TX_IRQHandler ; int9
      000030 82v00u00u00             72 	int _SPI_IRQHandler ; int10
      000034 82v00u00u00             73 	int _TIM1_UPD_OVF_TRG_BRK_IRQHandler ; int11
      000038 82v00u00u00             74 	int _TIM1_CAP_COM_IRQHandler ; int12
      00003C 82v00u00u00             75 	int _TIM2_UPD_OVF_BRK_IRQHandler ; int13
      000040 82v00u00u00             76 	int _TIM2_CAP_COM_IRQHandler ; int14
      000044 82v00u00u00             77 	int _TIM3_UPD_OVF_BRK_IRQHandler ; int15
      000048 82v00u00u00             78 	int _TIM3_CAP_COM_IRQHandler ; int16
      00004C 82v00u00u00             79 	int _UART1_TX_IRQHandler ; int17
      000050 82v00u00u00             80 	int _UART1_RX_IRQHandler ; int18
      000054 82v00u00u00             81 	int _I2C_IRQHandler ; int19
      000058 82v00u00u00             82 	int _UART3_TX_IRQHandler ; int20
      00005C 82v00u00u00             83 	int _UART3_RX_IRQHandler ; int21
      000060 82v00u00u00             84 	int _ADC2_IRQHandler ; int22
      000064 82v00u00u00             85 	int _TIM4_UPD_OVF_IRQHandler ; int23
      000068 82v00u00u00             86 	int _EEPROM_EEC_IRQHandler ; int24
                                     87 ;--------------------------------------------------------
                                     88 ; global & static initialisations
                                     89 ;--------------------------------------------------------
                                     90 	.area HOME
                                     91 	.area GSINIT
                                     92 	.area GSFINAL
                                     93 	.area GSINIT
      000000 CDr00r00         [ 4]   94 	call	___sdcc_external_startup
      000003 4D               [ 1]   95 	tnz	a
      000004 27 03            [ 1]   96 	jreq	__sdcc_init_data
      000006 CCr00r6C         [ 2]   97 	jp	__sdcc_program_startup
      000009                         98 __sdcc_init_data:
                                     99 ; stm8_genXINIT() start
      000009 AEr00r00         [ 2]  100 	ldw x, #l_DATA
      00000C 27 07            [ 1]  101 	jreq	00002$
      00000E                        102 00001$:
      00000E 72 4FuFFuFF      [ 1]  103 	clr (s_DATA - 1, x)
      000012 5A               [ 2]  104 	decw x
      000013 26 F9            [ 1]  105 	jrne	00001$
      000015                        106 00002$:
      000015 AEr00r00         [ 2]  107 	ldw	x, #l_INITIALIZER
      000018 27 09            [ 1]  108 	jreq	00004$
      00001A                        109 00003$:
      00001A D6uFFuFF         [ 1]  110 	ld	a, (s_INITIALIZER - 1, x)
      00001D D7uFFuFF         [ 1]  111 	ld	(s_INITIALIZED - 1, x), a
      000020 5A               [ 2]  112 	decw	x
      000021 26 F7            [ 1]  113 	jrne	00003$
      000023                        114 00004$:
                                    115 ; stm8_genXINIT() end
                                    116 	.area GSFINAL
      000000 CCr00r6C         [ 2]  117 	jp	__sdcc_program_startup
                                    118 ;--------------------------------------------------------
                                    119 ; Home
                                    120 ;--------------------------------------------------------
                                    121 	.area HOME
                                    122 	.area HOME
      00006C                        123 __sdcc_program_startup:
      00006C CCr00rD5         [ 2]  124 	jp	_main
                                    125 ;	return from main will return to caller
                                    126 ;--------------------------------------------------------
                                    127 ; code
                                    128 ;--------------------------------------------------------
                                    129 	.area CODE
                                    130 ;	./src/main.c: 13: void init(void) {
                                    131 ; genLabel
                                    132 ;	-----------------------------------------
                                    133 ;	 function init
                                    134 ;	-----------------------------------------
                                    135 ;	Register assignment is optimal.
                                    136 ;	Stack space usage: 0 bytes.
      000000                        137 _init:
                                    138 ;	./src/main.c: 14: CLK_HSIPrescalerConfig(CLK_PRESCALER_HSIDIV1); // taktovani MCU na 16MHz
                                    139 ; genSend
      000000 4F               [ 1]  140 	clr	a
                                    141 ; genCall
      000001 CDr00r00         [ 4]  142 	call	_CLK_HSIPrescalerConfig
                                    143 ;	./src/main.c: 16: GPIO_Init(DIN_PORT, DIN_PIN, GPIO_MODE_OUT_PP_LOW_SLOW);
                                    144 ; genIPush
      000004 4B C0            [ 1]  145 	push	#0xc0
                                    146 ; genSend
      000006 A6 04            [ 1]  147 	ld	a, #0x04
                                    148 ; genSend
      000008 AE 50 05         [ 2]  149 	ldw	x, #0x5005
                                    150 ; genCall
      00000B CDr00r00         [ 4]  151 	call	_GPIO_Init
                                    152 ;	./src/main.c: 17: GPIO_Init(CS_PORT, CS_PIN, GPIO_MODE_OUT_PP_HIGH_SLOW);
                                    153 ; genIPush
      00000E 4B D0            [ 1]  154 	push	#0xd0
                                    155 ; genSend
      000010 A6 02            [ 1]  156 	ld	a, #0x02
                                    157 ; genSend
      000012 AE 50 05         [ 2]  158 	ldw	x, #0x5005
                                    159 ; genCall
      000015 CDr00r00         [ 4]  160 	call	_GPIO_Init
                                    161 ;	./src/main.c: 18: GPIO_Init(CLK_PORT, CLK_PIN, GPIO_MODE_OUT_PP_LOW_SLOW);
                                    162 ; genIPush
      000018 4B C0            [ 1]  163 	push	#0xc0
                                    164 ; genSend
      00001A A6 01            [ 1]  165 	ld	a, #0x01
                                    166 ; genSend
      00001C AE 50 05         [ 2]  167 	ldw	x, #0x5005
                                    168 ; genCall
      00001F CDr00r00         [ 4]  169 	call	_GPIO_Init
                                    170 ; genLabel
      000022                        171 00101$:
                                    172 ;	./src/main.c: 21: }
                                    173 ; genEndFunction
      000022 81               [ 4]  174 	ret
                                    175 ;	./src/main.c: 25: void display(uint8_t address, uint8_t data) {
                                    176 ; genLabel
                                    177 ;	-----------------------------------------
                                    178 ;	 function display
                                    179 ;	-----------------------------------------
                                    180 ;	Register assignment is optimal.
                                    181 ;	Stack space usage: 2 bytes.
      000023                        182 _display:
      000023 89               [ 2]  183 	pushw	x
                                    184 ; genReceive
      000024 6B 01            [ 1]  185 	ld	(0x01, sp), a
                                    186 ;	./src/main.c: 27: LOW(CS); // začátek přenosu
                                    187 ; genSend
      000026 A6 02            [ 1]  188 	ld	a, #0x02
                                    189 ; genSend
      000028 AE 50 05         [ 2]  190 	ldw	x, #0x5005
                                    191 ; genCall
      00002B CDr00r00         [ 4]  192 	call	_GPIO_WriteLow
                                    193 ;	./src/main.c: 32: mask = 0b10000000;
                                    194 ; genAssign
      00002E A6 80            [ 1]  195 	ld	a, #0x80
      000030 6B 02            [ 1]  196 	ld	(0x02, sp), a
                                    197 ;	./src/main.c: 33: while (mask) {
                                    198 ; genLabel
      000032                        199 00104$:
                                    200 ; genIfx
      000032 0D 02            [ 1]  201 	tnz	(0x02, sp)
      000034 26 03            [ 1]  202 	jrne	00157$
      000036 CCr00r6B         [ 2]  203 	jp	00106$
      000039                        204 00157$:
                                    205 ;	./src/main.c: 34: if (address & mask) {
                                    206 ; genAnd
      000039 7B 01            [ 1]  207 	ld	a, (0x01, sp)
      00003B 14 02            [ 1]  208 	and	a, (0x02, sp)
                                    209 ; genIfx
      00003D 4D               [ 1]  210 	tnz	a
      00003E 26 03            [ 1]  211 	jrne	00158$
      000040 CCr00r4E         [ 2]  212 	jp	00102$
      000043                        213 00158$:
                                    214 ;	./src/main.c: 35: HIGH(DIN);
                                    215 ; genSend
      000043 A6 04            [ 1]  216 	ld	a, #0x04
                                    217 ; genSend
      000045 AE 50 05         [ 2]  218 	ldw	x, #0x5005
                                    219 ; genCall
      000048 CDr00r00         [ 4]  220 	call	_GPIO_WriteHigh
                                    221 ; genGoto
      00004B CCr00r56         [ 2]  222 	jp	00103$
                                    223 ; genLabel
      00004E                        224 00102$:
                                    225 ;	./src/main.c: 37: LOW(DIN);
                                    226 ; genSend
      00004E A6 04            [ 1]  227 	ld	a, #0x04
                                    228 ; genSend
      000050 AE 50 05         [ 2]  229 	ldw	x, #0x5005
                                    230 ; genCall
      000053 CDr00r00         [ 4]  231 	call	_GPIO_WriteLow
                                    232 ; genLabel
      000056                        233 00103$:
                                    234 ;	./src/main.c: 39: HIGH(CLK);
                                    235 ; genSend
      000056 A6 01            [ 1]  236 	ld	a, #0x01
                                    237 ; genSend
      000058 AE 50 05         [ 2]  238 	ldw	x, #0x5005
                                    239 ; genCall
      00005B CDr00r00         [ 4]  240 	call	_GPIO_WriteHigh
                                    241 ;	./src/main.c: 40: mask = mask >> 1;
                                    242 ; genRightShiftLiteral
      00005E 04 02            [ 1]  243 	srl	(0x02, sp)
                                    244 ;	./src/main.c: 41: LOW(CLK);
                                    245 ; genSend
      000060 A6 01            [ 1]  246 	ld	a, #0x01
                                    247 ; genSend
      000062 AE 50 05         [ 2]  248 	ldw	x, #0x5005
                                    249 ; genCall
      000065 CDr00r00         [ 4]  250 	call	_GPIO_WriteLow
                                    251 ; genGoto
      000068 CCr00r32         [ 2]  252 	jp	00104$
                                    253 ; genLabel
      00006B                        254 00106$:
                                    255 ;	./src/main.c: 44: mask = 0b10000000;
                                    256 ; genAssign
      00006B A6 80            [ 1]  257 	ld	a, #0x80
      00006D 6B 02            [ 1]  258 	ld	(0x02, sp), a
                                    259 ;	./src/main.c: 45: while (mask) {
                                    260 ; genLabel
      00006F                        261 00110$:
                                    262 ; genIfx
      00006F 0D 02            [ 1]  263 	tnz	(0x02, sp)
      000071 26 03            [ 1]  264 	jrne	00159$
      000073 CCr00rA8         [ 2]  265 	jp	00112$
      000076                        266 00159$:
                                    267 ;	./src/main.c: 46: if (data & mask) {
                                    268 ; genAnd
      000076 7B 05            [ 1]  269 	ld	a, (0x05, sp)
      000078 14 02            [ 1]  270 	and	a, (0x02, sp)
                                    271 ; genIfx
      00007A 4D               [ 1]  272 	tnz	a
      00007B 26 03            [ 1]  273 	jrne	00160$
      00007D CCr00r8B         [ 2]  274 	jp	00108$
      000080                        275 00160$:
                                    276 ;	./src/main.c: 47: HIGH(DIN);
                                    277 ; genSend
      000080 A6 04            [ 1]  278 	ld	a, #0x04
                                    279 ; genSend
      000082 AE 50 05         [ 2]  280 	ldw	x, #0x5005
                                    281 ; genCall
      000085 CDr00r00         [ 4]  282 	call	_GPIO_WriteHigh
                                    283 ; genGoto
      000088 CCr00r93         [ 2]  284 	jp	00109$
                                    285 ; genLabel
      00008B                        286 00108$:
                                    287 ;	./src/main.c: 49: LOW(DIN);
                                    288 ; genSend
      00008B A6 04            [ 1]  289 	ld	a, #0x04
                                    290 ; genSend
      00008D AE 50 05         [ 2]  291 	ldw	x, #0x5005
                                    292 ; genCall
      000090 CDr00r00         [ 4]  293 	call	_GPIO_WriteLow
                                    294 ; genLabel
      000093                        295 00109$:
                                    296 ;	./src/main.c: 51: HIGH(CLK);
                                    297 ; genSend
      000093 A6 01            [ 1]  298 	ld	a, #0x01
                                    299 ; genSend
      000095 AE 50 05         [ 2]  300 	ldw	x, #0x5005
                                    301 ; genCall
      000098 CDr00r00         [ 4]  302 	call	_GPIO_WriteHigh
                                    303 ;	./src/main.c: 52: mask = mask >> 1;
                                    304 ; genRightShiftLiteral
      00009B 04 02            [ 1]  305 	srl	(0x02, sp)
                                    306 ;	./src/main.c: 53: LOW(CLK);
                                    307 ; genSend
      00009D A6 01            [ 1]  308 	ld	a, #0x01
                                    309 ; genSend
      00009F AE 50 05         [ 2]  310 	ldw	x, #0x5005
                                    311 ; genCall
      0000A2 CDr00r00         [ 4]  312 	call	_GPIO_WriteLow
                                    313 ; genGoto
      0000A5 CCr00r6F         [ 2]  314 	jp	00110$
                                    315 ; genLabel
      0000A8                        316 00112$:
                                    317 ;	./src/main.c: 56: HIGH(CS); // konec přenosu
                                    318 ; genSend
      0000A8 A6 02            [ 1]  319 	ld	a, #0x02
                                    320 ; genSend
      0000AA AE 50 05         [ 2]  321 	ldw	x, #0x5005
                                    322 ; genCall
      0000AD CDr00r00         [ 4]  323 	call	_GPIO_WriteHigh
                                    324 ; genLabel
      0000B0                        325 00113$:
                                    326 ;	./src/main.c: 57: }
                                    327 ; genEndFunction
      0000B0 85               [ 2]  328 	popw	x
      0000B1 85               [ 2]  329 	popw	x
      0000B2 84               [ 1]  330 	pop	a
      0000B3 FC               [ 2]  331 	jp	(x)
                                    332 ;	./src/main.c: 58: void TIM2_init(void)
                                    333 ; genLabel
                                    334 ;	-----------------------------------------
                                    335 ;	 function TIM2_init
                                    336 ;	-----------------------------------------
                                    337 ;	Register assignment is optimal.
                                    338 ;	Stack space usage: 0 bytes.
      0000B4                        339 _TIM2_init:
                                    340 ;	./src/main.c: 60: CLK_PeripheralClockConfig(CLK_PERIPHERAL_TIMER2,ENABLE);
                                    341 ; genIPush
      0000B4 4B 01            [ 1]  342 	push	#0x01
                                    343 ; genSend
      0000B6 A6 05            [ 1]  344 	ld	a, #0x05
                                    345 ; genCall
      0000B8 CDr00r00         [ 4]  346 	call	_CLK_PeripheralClockConfig
                                    347 ;	./src/main.c: 61: TIM2_TimeBaseInit(TIM2_PRESCALER_16,999);
                                    348 ; genSend
      0000BB AE 03 E7         [ 2]  349 	ldw	x, #0x03e7
                                    350 ; genSend
      0000BE A6 04            [ 1]  351 	ld	a, #0x04
                                    352 ; genCall
      0000C0 CDr00r00         [ 4]  353 	call	_TIM2_TimeBaseInit
                                    354 ;	./src/main.c: 62: TIM2_ClearFlag(TIM2_FLAG_UPDATE);
                                    355 ; genSend
      0000C3 5F               [ 1]  356 	clrw	x
      0000C4 5C               [ 1]  357 	incw	x
                                    358 ; genCall
      0000C5 CDr00r00         [ 4]  359 	call	_TIM2_ClearFlag
                                    360 ;	./src/main.c: 63: TIM2_ITConfig(TIM2_IT_UPDATE,ENABLE);
                                    361 ; genIPush
      0000C8 4B 01            [ 1]  362 	push	#0x01
                                    363 ; genSend
      0000CA A6 01            [ 1]  364 	ld	a, #0x01
                                    365 ; genCall
      0000CC CDr00r00         [ 4]  366 	call	_TIM2_ITConfig
                                    367 ;	./src/main.c: 64: TIM2_Cmd(ENABLE);
                                    368 ; genSend
      0000CF A6 01            [ 1]  369 	ld	a, #0x01
                                    370 ; genCall
      0000D1 CCr00r00         [ 2]  371 	jp	_TIM2_Cmd
                                    372 ; genLabel
      0000D4                        373 00101$:
                                    374 ;	./src/main.c: 65: }
                                    375 ; genEndFunction
      0000D4 81               [ 4]  376 	ret
                                    377 ;	./src/main.c: 67: int main(void) {
                                    378 ; genLabel
                                    379 ;	-----------------------------------------
                                    380 ;	 function main
                                    381 ;	-----------------------------------------
                                    382 ;	Register assignment might be sub-optimal.
                                    383 ;	Stack space usage: 13 bytes.
      0000D5                        384 _main:
      0000D5 52 0D            [ 2]  385 	sub	sp, #13
                                    386 ;	./src/main.c: 69: uint32_t time = 0;
                                    387 ; genAssign
      0000D7 5F               [ 1]  388 	clrw	x
      0000D8 1F 07            [ 2]  389 	ldw	(0x07, sp), x
      0000DA 1F 05            [ 2]  390 	ldw	(0x05, sp), x
                                    391 ;	./src/main.c: 70: uint8_t number = 0;
                                    392 ; genAssign
      0000DC 0F 0B            [ 1]  393 	clr	(0x0b, sp)
                                    394 ;	./src/main.c: 71: uint16_t number1 = 000;
                                    395 ; genAssign
      0000DE 5F               [ 1]  396 	clrw	x
      0000DF 1F 0C            [ 2]  397 	ldw	(0x0c, sp), x
                                    398 ;	./src/main.c: 75: init();
                                    399 ; genCall
      0000E1 CDr00r00         [ 4]  400 	call	_init
                                    401 ;	./src/main.c: 76: TIM2_init();
                                    402 ; genCall
      0000E4 CDr00rB4         [ 4]  403 	call	_TIM2_init
                                    404 ;	./src/main.c: 78: display(DECODE_MODE, 0b11111111);
                                    405 ; genIPush
      0000E7 4B FF            [ 1]  406 	push	#0xff
                                    407 ; genSend
      0000E9 A6 09            [ 1]  408 	ld	a, #0x09
                                    409 ; genCall
      0000EB CDr00r23         [ 4]  410 	call	_display
                                    411 ;	./src/main.c: 79: display(SCAN_LIMIT, 7);
                                    412 ; genIPush
      0000EE 4B 07            [ 1]  413 	push	#0x07
                                    414 ; genSend
      0000F0 A6 0B            [ 1]  415 	ld	a, #0x0b
                                    416 ; genCall
      0000F2 CDr00r23         [ 4]  417 	call	_display
                                    418 ;	./src/main.c: 80: display(INTENSITY, 1);
                                    419 ; genIPush
      0000F5 4B 01            [ 1]  420 	push	#0x01
                                    421 ; genSend
      0000F7 A6 0A            [ 1]  422 	ld	a, #0x0a
                                    423 ; genCall
      0000F9 CDr00r23         [ 4]  424 	call	_display
                                    425 ;	./src/main.c: 81: display(DISPLAY_TEST, DISPLAY_TEST_OFF);
                                    426 ; genIPush
      0000FC 4B 00            [ 1]  427 	push	#0x00
                                    428 ; genSend
      0000FE A6 0F            [ 1]  429 	ld	a, #0x0f
                                    430 ; genCall
      000100 CDr00r23         [ 4]  431 	call	_display
                                    432 ;	./src/main.c: 82: display(SHUTDOWN, SHUTDOWN_ON);
                                    433 ; genIPush
      000103 4B 01            [ 1]  434 	push	#0x01
                                    435 ; genSend
      000105 A6 0C            [ 1]  436 	ld	a, #0x0c
                                    437 ; genCall
      000107 CDr00r23         [ 4]  438 	call	_display
                                    439 ;	./src/main.c: 83: display(DIGIT0, 0xF);
                                    440 ; genIPush
      00010A 4B 0F            [ 1]  441 	push	#0x0f
                                    442 ; genSend
      00010C A6 01            [ 1]  443 	ld	a, #0x01
                                    444 ; genCall
      00010E CDr00r23         [ 4]  445 	call	_display
                                    446 ;	./src/main.c: 84: display(DIGIT1, 0xF);
                                    447 ; genIPush
      000111 4B 0F            [ 1]  448 	push	#0x0f
                                    449 ; genSend
      000113 A6 02            [ 1]  450 	ld	a, #0x02
                                    451 ; genCall
      000115 CDr00r23         [ 4]  452 	call	_display
                                    453 ;	./src/main.c: 85: display(DIGIT2, 0xF);
                                    454 ; genIPush
      000118 4B 0F            [ 1]  455 	push	#0x0f
                                    456 ; genSend
      00011A A6 03            [ 1]  457 	ld	a, #0x03
                                    458 ; genCall
      00011C CDr00r23         [ 4]  459 	call	_display
                                    460 ;	./src/main.c: 86: display(DIGIT3, 0xF);
                                    461 ; genIPush
      00011F 4B 0F            [ 1]  462 	push	#0x0f
                                    463 ; genSend
      000121 A6 04            [ 1]  464 	ld	a, #0x04
                                    465 ; genCall
      000123 CDr00r23         [ 4]  466 	call	_display
                                    467 ;	./src/main.c: 87: display(DIGIT4, 0xF);
                                    468 ; genIPush
      000126 4B 0F            [ 1]  469 	push	#0x0f
                                    470 ; genSend
      000128 A6 05            [ 1]  471 	ld	a, #0x05
                                    472 ; genCall
      00012A CDr00r23         [ 4]  473 	call	_display
                                    474 ;	./src/main.c: 88: display(DIGIT5, 0xF);
                                    475 ; genIPush
      00012D 4B 0F            [ 1]  476 	push	#0x0f
                                    477 ; genSend
      00012F A6 06            [ 1]  478 	ld	a, #0x06
                                    479 ; genCall
      000131 CDr00r23         [ 4]  480 	call	_display
                                    481 ;	./src/main.c: 89: display(DIGIT6, 0xF);
                                    482 ; genIPush
      000134 4B 0F            [ 1]  483 	push	#0x0f
                                    484 ; genSend
      000136 A6 07            [ 1]  485 	ld	a, #0x07
                                    486 ; genCall
      000138 CDr00r23         [ 4]  487 	call	_display
                                    488 ;	./src/main.c: 90: display(DIGIT7, 0xF);
                                    489 ; genIPush
      00013B 4B 0F            [ 1]  490 	push	#0x0f
                                    491 ; genSend
      00013D A6 08            [ 1]  492 	ld	a, #0x08
                                    493 ; genCall
      00013F CDr00r23         [ 4]  494 	call	_display
                                    495 ;	./src/main.c: 92: while(1){
                                    496 ; genLabel
      000142                        497 00108$:
                                    498 ;	./src/main.c: 94: if (vlastni_cas - time > 300){
                                    499 ; genMinus
      000142 CEu00u02         [ 2]  500 	ldw	x, _vlastni_cas+2
      000145 72 F0 07         [ 2]  501 	subw	x, (0x07, sp)
      000148 1F 03            [ 2]  502 	ldw	(0x03, sp), x
      00014A C6u00u01         [ 1]  503 	ld	a, _vlastni_cas+1
      00014D 12 06            [ 1]  504 	sbc	a, (0x06, sp)
      00014F 6B 02            [ 1]  505 	ld	(0x02, sp), a
      000151 C6u00u00         [ 1]  506 	ld	a, _vlastni_cas+0
      000154 12 05            [ 1]  507 	sbc	a, (0x05, sp)
      000156 6B 01            [ 1]  508 	ld	(0x01, sp), a
                                    509 ; genCmp
                                    510 ; genCmpTnz
      000158 AE 01 2C         [ 2]  511 	ldw	x, #0x012c
      00015B 13 03            [ 2]  512 	cpw	x, (0x03, sp)
      00015D 4F               [ 1]  513 	clr	a
      00015E 12 02            [ 1]  514 	sbc	a, (0x02, sp)
      000160 4F               [ 1]  515 	clr	a
      000161 12 01            [ 1]  516 	sbc	a, (0x01, sp)
      000163 25 03            [ 1]  517 	jrc	00140$
      000165 CCr01r42         [ 2]  518 	jp	00108$
      000168                        519 00140$:
                                    520 ; skipping generated iCode
                                    521 ;	./src/main.c: 95: time = vlastni_cas;
                                    522 ; genAssign
      000168 CEu00u02         [ 2]  523 	ldw	x, _vlastni_cas+2
      00016B 1F 07            [ 2]  524 	ldw	(0x07, sp), x
      00016D CEu00u00         [ 2]  525 	ldw	x, _vlastni_cas+0
      000170 1F 05            [ 2]  526 	ldw	(0x05, sp), x
                                    527 ;	./src/main.c: 96: display(DIGIT0, number);
                                    528 ; genIPush
      000172 7B 0B            [ 1]  529 	ld	a, (0x0b, sp)
      000174 88               [ 1]  530 	push	a
                                    531 ; genSend
      000175 A6 01            [ 1]  532 	ld	a, #0x01
                                    533 ; genCall
      000177 CDr00r23         [ 4]  534 	call	_display
                                    535 ;	./src/main.c: 97: number ++;
                                    536 ; genPlus
      00017A 0C 0B            [ 1]  537 	inc	(0x0b, sp)
                                    538 ;	./src/main.c: 99: if(number>9){
                                    539 ; genCmp
                                    540 ; genCmpTnz
      00017C 7B 0B            [ 1]  541 	ld	a, (0x0b, sp)
      00017E A1 09            [ 1]  542 	cp	a, #0x09
      000180 22 03            [ 1]  543 	jrugt	00141$
      000182 CCr01r87         [ 2]  544 	jp	00102$
      000185                        545 00141$:
                                    546 ; skipping generated iCode
                                    547 ;	./src/main.c: 100: number=0;
                                    548 ; genAssign
      000185 0F 0B            [ 1]  549 	clr	(0x0b, sp)
                                    550 ; genLabel
      000187                        551 00102$:
                                    552 ;	./src/main.c: 104: vysledek = number1/100;
                                    553 ; genCast
                                    554 ; genAssign
      000187 16 0C            [ 2]  555 	ldw	y, (0x0c, sp)
      000189 17 09            [ 2]  556 	ldw	(0x09, sp), y
                                    557 ; genDivMod
      00018B 1E 09            [ 2]  558 	ldw	x, (0x09, sp)
      00018D 90 AE 00 64      [ 2]  559 	ldw	y, #0x0064
      000191 65               [ 2]  560 	divw	x, y
      000192 9F               [ 1]  561 	ld	a, xl
                                    562 ; genCast
                                    563 ; genAssign
                                    564 ;	./src/main.c: 106: display(DIGIT6, vysledek);
                                    565 ; genIPush
      000193 88               [ 1]  566 	push	a
                                    567 ; genSend
      000194 A6 07            [ 1]  568 	ld	a, #0x07
                                    569 ; genCall
      000196 CDr00r23         [ 4]  570 	call	_display
                                    571 ;	./src/main.c: 108: n= number1%100;
                                    572 ; genDivMod
      000199 1E 09            [ 2]  573 	ldw	x, (0x09, sp)
      00019B 90 AE 00 64      [ 2]  574 	ldw	y, #0x0064
      00019F 65               [ 2]  575 	divw	x, y
      0001A0 93               [ 1]  576 	ldw	x, y
                                    577 ; genCast
                                    578 ; genAssign
                                    579 ;	./src/main.c: 109: vysledek1 = n/10;
                                    580 ; genCast
                                    581 ; genAssign
                                    582 ; genDivMod
      0001A1 4F               [ 1]  583 	clr	a
      0001A2 95               [ 1]  584 	ld	xh, a
      0001A3 A6 0A            [ 1]  585 	ld	a, #0x0a
      0001A5 62               [ 2]  586 	div	x, a
      0001A6 9F               [ 1]  587 	ld	a, xl
                                    588 ; genCast
                                    589 ; genAssign
                                    590 ;	./src/main.c: 111: display(DIGIT5, vysledek1);
                                    591 ; genIPush
      0001A7 88               [ 1]  592 	push	a
                                    593 ; genSend
      0001A8 A6 06            [ 1]  594 	ld	a, #0x06
                                    595 ; genCall
      0001AA CDr00r23         [ 4]  596 	call	_display
                                    597 ;	./src/main.c: 113: n= number1%10;
                                    598 ; genDivMod
      0001AD 1E 09            [ 2]  599 	ldw	x, (0x09, sp)
      0001AF 90 AE 00 0A      [ 2]  600 	ldw	y, #0x000a
      0001B3 65               [ 2]  601 	divw	x, y
      0001B4 90 9F            [ 1]  602 	ld	a, yl
                                    603 ; genCast
                                    604 ; genAssign
                                    605 ; genCast
                                    606 ; genAssign
                                    607 ;	./src/main.c: 114: display(DIGIT4, n);
                                    608 ; genCast
                                    609 ; genAssign
                                    610 ; genIPush
      0001B6 88               [ 1]  611 	push	a
                                    612 ; genSend
      0001B7 A6 05            [ 1]  613 	ld	a, #0x05
                                    614 ; genCall
      0001B9 CDr00r23         [ 4]  615 	call	_display
                                    616 ;	./src/main.c: 116: number1 ++;
                                    617 ; genPlus
      0001BC 1E 0C            [ 2]  618 	ldw	x, (0x0c, sp)
      0001BE 5C               [ 1]  619 	incw	x
      0001BF 1F 0C            [ 2]  620 	ldw	(0x0c, sp), x
      0001C1                        621 00142$:
                                    622 ;	./src/main.c: 118: if(number1>999){
                                    623 ; genCast
                                    624 ; genAssign
      0001C1 1E 0C            [ 2]  625 	ldw	x, (0x0c, sp)
                                    626 ; genCmp
                                    627 ; genCmpTnz
      0001C3 A3 03 E7         [ 2]  628 	cpw	x, #0x03e7
      0001C6 22 03            [ 1]  629 	jrugt	00143$
      0001C8 CCr01r42         [ 2]  630 	jp	00108$
      0001CB                        631 00143$:
                                    632 ; skipping generated iCode
                                    633 ;	./src/main.c: 119: number1 = 0;
                                    634 ; genAssign
      0001CB 5F               [ 1]  635 	clrw	x
      0001CC 1F 0C            [ 2]  636 	ldw	(0x0c, sp), x
                                    637 ; genGoto
      0001CE CCr01r42         [ 2]  638 	jp	00108$
                                    639 ; genLabel
      0001D1                        640 00110$:
                                    641 ;	./src/main.c: 124: }
                                    642 ; genEndFunction
      0001D1 5B 0D            [ 2]  643 	addw	sp, #13
      0001D3 81               [ 4]  644 	ret
                                    645 	.area CODE
                                    646 	.area CONST
                                    647 	.area INITIALIZER
      000000                        648 __xinit__vlastni_cas:
      000000 00 00 00 00            649 	.byte #0x00, #0x00, #0x00, #0x00	; 0
                                    650 	.area CABS (ABS)
